<?xml version="1.0" encoding="UTF-8"?>
<!-- Generated by org.testng.reporters.JUnitReportReporter -->
<testsuite hostname="TNINCHD017" name="com.bpo.qa.testcases.Navigation_CostPriceRateCardTest" tests="1" failures="0" timestamp="6 Aug 2019 10:34:55 GMT" time="56.699" errors="0">
  <testcase name="Navigate_CPRateCardScreen" time="56.699" classname="com.bpo.qa.testcases.Navigation_CostPriceRateCardTest"/>
</testsuite> <!-- com.bpo.qa.testcases.Navigation_CostPriceRateCardTest -->
