<?xml version="1.0" encoding="UTF-8"?>
<!-- Generated by org.testng.reporters.JUnitReportReporter -->
<testsuite hostname="TNINCHD017" name="com.bpo.qa.testcases.HomePageTest" tests="3" failures="0" timestamp="6 Aug 2019 10:34:55 GMT" time="93.698" errors="0">
  <testcase name="ProfileTextTest" time="28.532" classname="com.bpo.qa.testcases.HomePageTest"/>
  <testcase name="LogoutTextTest" time="29.133" classname="com.bpo.qa.testcases.HomePageTest"/>
  <testcase name="SupportTextTest" time="36.033" classname="com.bpo.qa.testcases.HomePageTest"/>
</testsuite> <!-- com.bpo.qa.testcases.HomePageTest -->
