<?xml version="1.0" encoding="UTF-8"?>
<!-- Generated by org.testng.reporters.JUnitReportReporter -->
<testsuite hostname="TNINCHD017" name="com.bpo.qa.testcases.LoginPageTest" tests="3" failures="0" timestamp="6 Aug 2019 10:34:55 GMT" time="30.885" errors="0">
  <testcase name="loginTest" time="11.817" classname="com.bpo.qa.testcases.LoginPageTest"/>
  <testcase name="loginPageTitleTest" time="10.076" classname="com.bpo.qa.testcases.LoginPageTest"/>
  <testcase name="validateAscentOneImageTest" time="8.992" classname="com.bpo.qa.testcases.LoginPageTest"/>
</testsuite> <!-- com.bpo.qa.testcases.LoginPageTest -->
